# JRE version: OpenJDK Runtime Environment Temurin-21.0.5+11 (21.0.5+11) (build 21.0.5+11-LTS)
# Java VM: OpenJDK 64-Bit Server VM Temurin-21.0.5+11 (21.0.5+11-LTS, mixed mode, emulated-client, sharing, tiered, compressed oops, compressed class ptrs, g1 gc, windows-amd64)
GC Precious Log:
 CardTable entry size: 512
 Card Set container configuration: InlinePtr #cards 5 size 8 Array Of Cards #cards 12 size 40 Howl #buckets 4 coarsen threshold 1843 Howl Bitmap #cards 512 size 80 coarsen threshold 460 Card regions per heap region 1 cards per card region 2048
 CPUs: 8 total, 8 available
 Memory: 7883M
 Large Page Support: Disabled
 NUMA Support: Disabled
 Compressed Oops: Enabled (32-bit)
 Heap Region Size: 1M
 Heap Min Capacity: 8M
 Heap Initial Capacity: 124M
 Heap Max Capacity: 1G
 Pre-touch: Disabled
 Parallel Workers: 8
 Concurrent Workers: 2
 Concurrent Refinement Workers: 8
 Periodic GC: Disabled
Heap:
 garbage-first heap   total 95232K, used 27653K [0x00000000c0000000, 0x0000000100000000)
  region size 1024K, 1 young (1024K), 0 survivors (0K)
 Metaspace       used 42924K, committed 43904K, reserved 1114112K
  class space    used 5456K, committed 5824K, reserved 1048576K
GC Heap History (20 events):
Event: 6505.260 GC heap after
{Heap after GC invocations=394 (full 385):
 garbage-first heap   total 95232K, used 27653K [0x00000000c0000000, 0x0000000100000000)
  region size 1024K, 0 young (0K), 0 survivors (0K)
 Metaspace       used 42924K, committed 43904K, reserved 1114112K
  class space    used 5456K, committed 5824K, reserved 1048576K
}
Event: 6515.497 GC heap before
{Heap before GC invocations=394 (full 385):
 garbage-first heap   total 95232K, used 27653K [0x00000000c0000000, 0x0000000100000000)
  region size 1024K, 1 young (1024K), 0 survivors (0K)
 Metaspace       used 42924K, committed 43904K, reserved 1114112K
  class space    used 5456K, committed 5824K, reserved 1048576K
}
Event: 6515.541 GC heap after
{Heap after GC invocations=395 (full 386):
 garbage-first heap   total 95232K, used 27653K [0x00000000c0000000, 0x0000000100000000)
  region size 1024K, 0 young (0K), 0 survivors (0K)
 Metaspace       used 42924K, committed 43904K, reserved 1114112K
  class space    used 5456K, committed 5824K, reserved 1048576K
}
Event: 6525.792 GC heap before
{Heap before GC invocations=395 (full 386):
 garbage-first heap   total 95232K, used 27653K [0x00000000c0000000, 0x0000000100000000)
  region size 1024K, 1 young (1024K), 0 survivors (0K)
 Metaspace       used 42924K, committed 43904K, reserved 1114112K
  class space    used 5456K, committed 5824K, reserved 1048576K
}
Event: 6525.841 GC heap after
{Heap after GC invocations=396 (full 387):
 garbage-first heap   total 95232K, used 27653K [0x00000000c0000000, 0x0000000100000000)
  region size 1024K, 0 young (0K), 0 survivors (0K)
 Metaspace       used 42924K, committed 43904K, reserved 1114112K
  class space    used 5456K, committed 5824K, reserved 1048576K
}
Event: 6536.078 GC heap before
{Heap before GC invocations=396 (full 387):
 garbage-first heap   total 95232K, used 27653K [0x00000000c0000000, 0x0000000100000000)
  region size 1024K, 1 young (1024K), 0 survivors (0K)
 Metaspace       used 42924K, committed 43904K, reserved 1114112K
  class space    used 5456K, committed 5824K, reserved 1048576K
}
Event: 6536.114 GC heap after
{Heap after GC invocations=397 (full 388):
 garbage-first heap   total 95232K, used 27653K [0x00000000c0000000, 0x0000000100000000)
  region size 1024K, 0 young (0K), 0 survivors (0K)
 Metaspace       used 42924K, committed 43904K, reserved 1114112K
  class space    used 5456K, committed 5824K, reserved 1048576K
}
Event: 6546.347 GC heap before
{Heap before GC invocations=397 (full 388):
 garbage-first heap   total 95232K, used 27653K [0x00000000c0000000, 0x0000000100000000)
  region size 1024K, 1 young (1024K), 0 survivors (0K)
 Metaspace       used 42924K, committed 43904K, reserved 1114112K
  class space    used 5456K, committed 5824K, reserved 1048576K
}
Event: 6546.388 GC heap after
{Heap after GC invocations=398 (full 389):
 garbage-first heap   total 95232K, used 27653K [0x00000000c0000000, 0x0000000100000000)
  region size 1024K, 0 young (0K), 0 survivors (0K)
 Metaspace       used 42924K, committed 43904K, reserved 1114112K
  class space    used 5456K, committed 5824K, reserved 1048576K
}
Event: 6556.598 GC heap before
{Heap before GC invocations=398 (full 389):
 garbage-first heap   total 95232K, used 27653K [0x00000000c0000000, 0x0000000100000000)
  region size 1024K, 1 young (1024K), 0 survivors (0K)
 Metaspace       used 42924K, committed 43904K, reserved 1114112K
  class space    used 5456K, committed 5824K, reserved 1048576K
}
Event: 6556.655 GC heap after
{Heap after GC invocations=399 (full 390):
 garbage-first heap   total 95232K, used 27653K [0x00000000c0000000, 0x0000000100000000)
  region size 1024K, 0 young (0K), 0 survivors (0K)
 Metaspace       used 42924K, committed 43904K, reserved 1114112K
  class space    used 5456K, committed 5824K, reserved 1048576K
}
Event: 6566.948 GC heap before
{Heap before GC invocations=399 (full 390):
 garbage-first heap   total 95232K, used 27653K [0x00000000c0000000, 0x0000000100000000)
  region size 1024K, 1 young (1024K), 0 survivors (0K)
 Metaspace       used 42924K, committed 43904K, reserved 1114112K
  class space    used 5456K, committed 5824K, reserved 1048576K
}
Event: 6566.975 GC heap after
{Heap after GC invocations=400 (full 391):
 garbage-first heap   total 95232K, used 27653K [0x00000000c0000000, 0x0000000100000000)
  region size 1024K, 0 young (0K), 0 survivors (0K)
 Metaspace       used 42924K, committed 43904K, reserved 1114112K
  class space    used 5456K, committed 5824K, reserved 1048576K
}
Event: 6577.246 GC heap before
{Heap before GC invocations=400 (full 391):
 garbage-first heap   total 95232K, used 27653K [0x00000000c0000000, 0x0000000100000000)
  region size 1024K, 1 young (1024K), 0 survivors (0K)
 Metaspace       used 42924K, committed 43904K, reserved 1114112K
  class space    used 5456K, committed 5824K, reserved 1048576K
}
Event: 6577.293 GC heap after
{Heap after GC invocations=401 (full 392):
 garbage-first heap   total 95232K, used 27653K [0x00000000c0000000, 0x0000000100000000)
  region size 1024K, 0 young (0K), 0 survivors (0K)
 Metaspace       used 42924K, committed 43904K, reserved 1114112K
  class space    used 5456K, committed 5824K, reserved 1048576K
}
Event: 6587.577 GC heap before
{Heap before GC invocations=401 (full 392):
 garbage-first heap   total 95232K, used 27653K [0x00000000c0000000, 0x0000000100000000)
  region size 1024K, 1 young (1024K), 0 survivors (0K)
 Metaspace       used 42924K, committed 43904K, reserved 1114112K
  class space    used 5456K, committed 5824K, reserved 1048576K
}
Event: 6587.619 GC heap after
{Heap after GC invocations=402 (full 393):
 garbage-first heap   total 95232K, used 27653K [0x00000000c0000000, 0x0000000100000000)
  region size 1024K, 0 young (0K), 0 survivors (0K)
 Metaspace       used 42924K, committed 43904K, reserved 1114112K
  class space    used 5456K, committed 5824K, reserved 1048576K
}
Event: 6597.879 GC heap before
{Heap before GC invocations=402 (full 393):
 garbage-first heap   total 95232K, used 27653K [0x00000000c0000000, 0x0000000100000000)
  region size 1024K, 1 young (1024K), 0 survivors (0K)
 Metaspace       used 42924K, committed 43904K, reserved 1114112K
  class space    used 5456K, committed 5824K, reserved 1048576K
}
Event: 6597.919 GC heap after
{Heap after GC invocations=403 (full 394):
 garbage-first heap   total 95232K, used 27653K [0x00000000c0000000, 0x0000000100000000)
  region size 1024K, 0 young (0K), 0 survivors (0K)
 Metaspace       used 42924K, committed 43904K, reserved 1114112K
  class space    used 5456K, committed 5824K, reserved 1048576K
}
Event: 6607.965 GC heap before
{Heap before GC invocations=403 (full 394):
 garbage-first heap   total 95232K, used 27653K [0x00000000c0000000, 0x0000000100000000)
  region size 1024K, 1 young (1024K), 0 survivors (0K)
 Metaspace       used 42924K, committed 43904K, reserved 1114112K
  class space    used 5456K, committed 5824K, reserved 1048576K
}

