# JRE version: OpenJDK Runtime Environment Temurin-21.0.5+11 (21.0.5+11) (build 21.0.5+11-LTS)
# Java VM: OpenJDK 64-Bit Server VM Temurin-21.0.5+11 (21.0.5+11-LTS, mixed mode, emulated-client, sharing, tiered, compressed oops, compressed class ptrs, g1 gc, windows-amd64)
GC Precious Log:
 CardTable entry size: 512
 Card Set container configuration: InlinePtr #cards 5 size 8 Array Of Cards #cards 12 size 40 Howl #buckets 4 coarsen threshold 1843 Howl Bitmap #cards 512 size 80 coarsen threshold 460 Card regions per heap region 1 cards per card region 2048
 CPUs: 8 total, 8 available
 Memory: 7883M
 Large Page Support: Disabled
 NUMA Support: Disabled
 Compressed Oops: Enabled (32-bit)
 Heap Region Size: 1M
 Heap Min Capacity: 8M
 Heap Initial Capacity: 124M
 Heap Max Capacity: 1G
 Pre-touch: Disabled
 Parallel Workers: 8
 Concurrent Workers: 2
 Concurrent Refinement Workers: 8
 Periodic GC: Disabled
Heap:
 garbage-first heap   total 89088K, used 25487K [0x00000000c0000000, 0x0000000100000000)
  region size 1024K, 1 young (1024K), 0 survivors (0K)
 Metaspace       used 33452K, committed 34432K, reserved 1114112K
  class space    used 4387K, committed 4736K, reserved 1048576K
GC Heap History (20 events):
Event: 178.206 GC heap after
{Heap after GC invocations=18 (full 12):
 garbage-first heap   total 89088K, used 25487K [0x00000000c0000000, 0x0000000100000000)
  region size 1024K, 0 young (0K), 0 survivors (0K)
 Metaspace       used 33452K, committed 34432K, reserved 1114112K
  class space    used 4387K, committed 4736K, reserved 1048576K
}
Event: 188.451 GC heap before
{Heap before GC invocations=18 (full 12):
 garbage-first heap   total 89088K, used 25487K [0x00000000c0000000, 0x0000000100000000)
  region size 1024K, 1 young (1024K), 0 survivors (0K)
 Metaspace       used 33452K, committed 34432K, reserved 1114112K
  class space    used 4387K, committed 4736K, reserved 1048576K
}
Event: 188.473 GC heap after
{Heap after GC invocations=19 (full 13):
 garbage-first heap   total 89088K, used 25487K [0x00000000c0000000, 0x0000000100000000)
  region size 1024K, 0 young (0K), 0 survivors (0K)
 Metaspace       used 33452K, committed 34432K, reserved 1114112K
  class space    used 4387K, committed 4736K, reserved 1048576K
}
Event: 198.714 GC heap before
{Heap before GC invocations=19 (full 13):
 garbage-first heap   total 89088K, used 25487K [0x00000000c0000000, 0x0000000100000000)
  region size 1024K, 1 young (1024K), 0 survivors (0K)
 Metaspace       used 33452K, committed 34432K, reserved 1114112K
  class space    used 4387K, committed 4736K, reserved 1048576K
}
Event: 198.734 GC heap after
{Heap after GC invocations=20 (full 14):
 garbage-first heap   total 89088K, used 25487K [0x00000000c0000000, 0x0000000100000000)
  region size 1024K, 0 young (0K), 0 survivors (0K)
 Metaspace       used 33452K, committed 34432K, reserved 1114112K
  class space    used 4387K, committed 4736K, reserved 1048576K
}
Event: 208.985 GC heap before
{Heap before GC invocations=20 (full 14):
 garbage-first heap   total 89088K, used 25487K [0x00000000c0000000, 0x0000000100000000)
  region size 1024K, 1 young (1024K), 0 survivors (0K)
 Metaspace       used 33452K, committed 34432K, reserved 1114112K
  class space    used 4387K, committed 4736K, reserved 1048576K
}
Event: 209.013 GC heap after
{Heap after GC invocations=21 (full 15):
 garbage-first heap   total 89088K, used 25487K [0x00000000c0000000, 0x0000000100000000)
  region size 1024K, 0 young (0K), 0 survivors (0K)
 Metaspace       used 33452K, committed 34432K, reserved 1114112K
  class space    used 4387K, committed 4736K, reserved 1048576K
}
Event: 219.260 GC heap before
{Heap before GC invocations=21 (full 15):
 garbage-first heap   total 89088K, used 25487K [0x00000000c0000000, 0x0000000100000000)
  region size 1024K, 1 young (1024K), 0 survivors (0K)
 Metaspace       used 33452K, committed 34432K, reserved 1114112K
  class space    used 4387K, committed 4736K, reserved 1048576K
}
Event: 219.287 GC heap after
{Heap after GC invocations=22 (full 16):
 garbage-first heap   total 89088K, used 25487K [0x00000000c0000000, 0x0000000100000000)
  region size 1024K, 0 young (0K), 0 survivors (0K)
 Metaspace       used 33452K, committed 34432K, reserved 1114112K
  class space    used 4387K, committed 4736K, reserved 1048576K
}
Event: 229.535 GC heap before
{Heap before GC invocations=22 (full 16):
 garbage-first heap   total 89088K, used 25487K [0x00000000c0000000, 0x0000000100000000)
  region size 1024K, 1 young (1024K), 0 survivors (0K)
 Metaspace       used 33452K, committed 34432K, reserved 1114112K
  class space    used 4387K, committed 4736K, reserved 1048576K
}
Event: 229.561 GC heap after
{Heap after GC invocations=23 (full 17):
 garbage-first heap   total 89088K, used 25487K [0x00000000c0000000, 0x0000000100000000)
  region size 1024K, 0 young (0K), 0 survivors (0K)
 Metaspace       used 33452K, committed 34432K, reserved 1114112K
  class space    used 4387K, committed 4736K, reserved 1048576K
}
Event: 239.834 GC heap before
{Heap before GC invocations=23 (full 17):
 garbage-first heap   total 89088K, used 25487K [0x00000000c0000000, 0x0000000100000000)
  region size 1024K, 1 young (1024K), 0 survivors (0K)
 Metaspace       used 33452K, committed 34432K, reserved 1114112K
  class space    used 4387K, committed 4736K, reserved 1048576K
}
Event: 239.857 GC heap after
{Heap after GC invocations=24 (full 18):
 garbage-first heap   total 89088K, used 25487K [0x00000000c0000000, 0x0000000100000000)
  region size 1024K, 0 young (0K), 0 survivors (0K)
 Metaspace       used 33452K, committed 34432K, reserved 1114112K
  class space    used 4387K, committed 4736K, reserved 1048576K
}
Event: 250.129 GC heap before
{Heap before GC invocations=24 (full 18):
 garbage-first heap   total 89088K, used 25487K [0x00000000c0000000, 0x0000000100000000)
  region size 1024K, 1 young (1024K), 0 survivors (0K)
 Metaspace       used 33452K, committed 34432K, reserved 1114112K
  class space    used 4387K, committed 4736K, reserved 1048576K
}
Event: 250.163 GC heap after
{Heap after GC invocations=25 (full 19):
 garbage-first heap   total 89088K, used 25487K [0x00000000c0000000, 0x0000000100000000)
  region size 1024K, 0 young (0K), 0 survivors (0K)
 Metaspace       used 33452K, committed 34432K, reserved 1114112K
  class space    used 4387K, committed 4736K, reserved 1048576K
}
Event: 260.386 GC heap before
{Heap before GC invocations=25 (full 19):
 garbage-first heap   total 89088K, used 25487K [0x00000000c0000000, 0x0000000100000000)
  region size 1024K, 1 young (1024K), 0 survivors (0K)
 Metaspace       used 33452K, committed 34432K, reserved 1114112K
  class space    used 4387K, committed 4736K, reserved 1048576K
}
Event: 260.412 GC heap after
{Heap after GC invocations=26 (full 20):
 garbage-first heap   total 89088K, used 25487K [0x00000000c0000000, 0x0000000100000000)
  region size 1024K, 0 young (0K), 0 survivors (0K)
 Metaspace       used 33452K, committed 34432K, reserved 1114112K
  class space    used 4387K, committed 4736K, reserved 1048576K
}
Event: 3269.141 GC heap before
{Heap before GC invocations=26 (full 20):
 garbage-first heap   total 89088K, used 25487K [0x00000000c0000000, 0x0000000100000000)
  region size 1024K, 1 young (1024K), 0 survivors (0K)
 Metaspace       used 33452K, committed 34432K, reserved 1114112K
  class space    used 4387K, committed 4736K, reserved 1048576K
}
Event: 3269.175 GC heap after
{Heap after GC invocations=27 (full 21):
 garbage-first heap   total 89088K, used 25487K [0x00000000c0000000, 0x0000000100000000)
  region size 1024K, 0 young (0K), 0 survivors (0K)
 Metaspace       used 33452K, committed 34432K, reserved 1114112K
  class space    used 4387K, committed 4736K, reserved 1048576K
}
Event: 4092.751 GC heap before
{Heap before GC invocations=27 (full 21):
 garbage-first heap   total 89088K, used 25487K [0x00000000c0000000, 0x0000000100000000)
  region size 1024K, 1 young (1024K), 0 survivors (0K)
 Metaspace       used 33452K, committed 34432K, reserved 1114112K
  class space    used 4387K, committed 4736K, reserved 1048576K
}

