# JRE version: OpenJDK Runtime Environment Temurin-21.0.5+11 (21.0.5+11) (build 21.0.5+11-LTS)
# Java VM: OpenJDK 64-Bit Server VM Temurin-21.0.5+11 (21.0.5+11-LTS, mixed mode, emulated-client, sharing, tiered, compressed oops, compressed class ptrs, g1 gc, windows-amd64)
GC Precious Log:
 CardTable entry size: 512
 Card Set container configuration: InlinePtr #cards 5 size 8 Array Of Cards #cards 12 size 40 Howl #buckets 4 coarsen threshold 1843 Howl Bitmap #cards 512 size 80 coarsen threshold 460 Card regions per heap region 1 cards per card region 2048
 CPUs: 8 total, 8 available
 Memory: 7883M
 Large Page Support: Disabled
 NUMA Support: Disabled
 Compressed Oops: Enabled (32-bit)
 Heap Region Size: 1M
 Heap Min Capacity: 8M
 Heap Initial Capacity: 124M
 Heap Max Capacity: 1G
 Pre-touch: Disabled
 Parallel Workers: 8
 Concurrent Workers: 2
 Concurrent Refinement Workers: 8
 Periodic GC: Disabled
Heap:
 garbage-first heap   total 99328K, used 31279K [0x00000000c0000000, 0x0000000100000000)
  region size 1024K, 1 young (1024K), 0 survivors (0K)
 Metaspace       used 53700K, committed 54336K, reserved 1114112K
  class space    used 6546K, committed 6848K, reserved 1048576K
GC Heap History (20 events):
Event: 7665.600 GC heap after
{Heap after GC invocations=559 (full 548):
 garbage-first heap   total 99328K, used 31279K [0x00000000c0000000, 0x0000000100000000)
  region size 1024K, 0 young (0K), 0 survivors (0K)
 Metaspace       used 53700K, committed 54336K, reserved 1114112K
  class space    used 6546K, committed 6848K, reserved 1048576K
}
Event: 7675.824 GC heap before
{Heap before GC invocations=559 (full 548):
 garbage-first heap   total 99328K, used 31279K [0x00000000c0000000, 0x0000000100000000)
  region size 1024K, 1 young (1024K), 0 survivors (0K)
 Metaspace       used 53700K, committed 54336K, reserved 1114112K
  class space    used 6546K, committed 6848K, reserved 1048576K
}
Event: 7675.858 GC heap after
{Heap after GC invocations=560 (full 549):
 garbage-first heap   total 99328K, used 31279K [0x00000000c0000000, 0x0000000100000000)
  region size 1024K, 0 young (0K), 0 survivors (0K)
 Metaspace       used 53700K, committed 54336K, reserved 1114112K
  class space    used 6546K, committed 6848K, reserved 1048576K
}
Event: 7716.371 GC heap before
{Heap before GC invocations=560 (full 549):
 garbage-first heap   total 99328K, used 31279K [0x00000000c0000000, 0x0000000100000000)
  region size 1024K, 1 young (1024K), 0 survivors (0K)
 Metaspace       used 53700K, committed 54336K, reserved 1114112K
  class space    used 6546K, committed 6848K, reserved 1048576K
}
Event: 7716.407 GC heap after
{Heap after GC invocations=561 (full 550):
 garbage-first heap   total 99328K, used 31279K [0x00000000c0000000, 0x0000000100000000)
  region size 1024K, 0 young (0K), 0 survivors (0K)
 Metaspace       used 53700K, committed 54336K, reserved 1114112K
  class space    used 6546K, committed 6848K, reserved 1048576K
}
Event: 7726.692 GC heap before
{Heap before GC invocations=561 (full 550):
 garbage-first heap   total 99328K, used 31279K [0x00000000c0000000, 0x0000000100000000)
  region size 1024K, 1 young (1024K), 0 survivors (0K)
 Metaspace       used 53700K, committed 54336K, reserved 1114112K
  class space    used 6546K, committed 6848K, reserved 1048576K
}
Event: 7726.729 GC heap after
{Heap after GC invocations=562 (full 551):
 garbage-first heap   total 99328K, used 31279K [0x00000000c0000000, 0x0000000100000000)
  region size 1024K, 0 young (0K), 0 survivors (0K)
 Metaspace       used 53700K, committed 54336K, reserved 1114112K
  class space    used 6546K, committed 6848K, reserved 1048576K
}
Event: 7737.017 GC heap before
{Heap before GC invocations=562 (full 551):
 garbage-first heap   total 99328K, used 31279K [0x00000000c0000000, 0x0000000100000000)
  region size 1024K, 1 young (1024K), 0 survivors (0K)
 Metaspace       used 53700K, committed 54336K, reserved 1114112K
  class space    used 6546K, committed 6848K, reserved 1048576K
}
Event: 7737.100 GC heap after
{Heap after GC invocations=563 (full 552):
 garbage-first heap   total 99328K, used 31279K [0x00000000c0000000, 0x0000000100000000)
  region size 1024K, 0 young (0K), 0 survivors (0K)
 Metaspace       used 53700K, committed 54336K, reserved 1114112K
  class space    used 6546K, committed 6848K, reserved 1048576K
}
Event: 7747.410 GC heap before
{Heap before GC invocations=563 (full 552):
 garbage-first heap   total 99328K, used 31279K [0x00000000c0000000, 0x0000000100000000)
  region size 1024K, 1 young (1024K), 0 survivors (0K)
 Metaspace       used 53700K, committed 54336K, reserved 1114112K
  class space    used 6546K, committed 6848K, reserved 1048576K
}
Event: 7747.479 GC heap after
{Heap after GC invocations=564 (full 553):
 garbage-first heap   total 99328K, used 31279K [0x00000000c0000000, 0x0000000100000000)
  region size 1024K, 0 young (0K), 0 survivors (0K)
 Metaspace       used 53700K, committed 54336K, reserved 1114112K
  class space    used 6546K, committed 6848K, reserved 1048576K
}
Event: 7757.799 GC heap before
{Heap before GC invocations=564 (full 553):
 garbage-first heap   total 99328K, used 31279K [0x00000000c0000000, 0x0000000100000000)
  region size 1024K, 1 young (1024K), 0 survivors (0K)
 Metaspace       used 53700K, committed 54336K, reserved 1114112K
  class space    used 6546K, committed 6848K, reserved 1048576K
}
Event: 7757.876 GC heap after
{Heap after GC invocations=565 (full 554):
 garbage-first heap   total 99328K, used 31279K [0x00000000c0000000, 0x0000000100000000)
  region size 1024K, 0 young (0K), 0 survivors (0K)
 Metaspace       used 53700K, committed 54336K, reserved 1114112K
  class space    used 6546K, committed 6848K, reserved 1048576K
}
Event: 7768.185 GC heap before
{Heap before GC invocations=565 (full 554):
 garbage-first heap   total 99328K, used 31279K [0x00000000c0000000, 0x0000000100000000)
  region size 1024K, 1 young (1024K), 0 survivors (0K)
 Metaspace       used 53700K, committed 54336K, reserved 1114112K
  class space    used 6546K, committed 6848K, reserved 1048576K
}
Event: 7768.264 GC heap after
{Heap after GC invocations=566 (full 555):
 garbage-first heap   total 99328K, used 31279K [0x00000000c0000000, 0x0000000100000000)
  region size 1024K, 0 young (0K), 0 survivors (0K)
 Metaspace       used 53700K, committed 54336K, reserved 1114112K
  class space    used 6546K, committed 6848K, reserved 1048576K
}
Event: 7778.528 GC heap before
{Heap before GC invocations=566 (full 555):
 garbage-first heap   total 99328K, used 31279K [0x00000000c0000000, 0x0000000100000000)
  region size 1024K, 1 young (1024K), 0 survivors (0K)
 Metaspace       used 53700K, committed 54336K, reserved 1114112K
  class space    used 6546K, committed 6848K, reserved 1048576K
}
Event: 7778.603 GC heap after
{Heap after GC invocations=567 (full 556):
 garbage-first heap   total 99328K, used 31279K [0x00000000c0000000, 0x0000000100000000)
  region size 1024K, 0 young (0K), 0 survivors (0K)
 Metaspace       used 53700K, committed 54336K, reserved 1114112K
  class space    used 6546K, committed 6848K, reserved 1048576K
}
Event: 9191.834 GC heap before
{Heap before GC invocations=567 (full 556):
 garbage-first heap   total 99328K, used 31279K [0x00000000c0000000, 0x0000000100000000)
  region size 1024K, 1 young (1024K), 0 survivors (0K)
 Metaspace       used 53700K, committed 54336K, reserved 1114112K
  class space    used 6546K, committed 6848K, reserved 1048576K
}
Event: 9191.868 GC heap after
{Heap after GC invocations=568 (full 557):
 garbage-first heap   total 99328K, used 31279K [0x00000000c0000000, 0x0000000100000000)
  region size 1024K, 0 young (0K), 0 survivors (0K)
 Metaspace       used 53700K, committed 54336K, reserved 1114112K
  class space    used 6546K, committed 6848K, reserved 1048576K
}
Event: 9201.970 GC heap before
{Heap before GC invocations=568 (full 557):
 garbage-first heap   total 99328K, used 31279K [0x00000000c0000000, 0x0000000100000000)
  region size 1024K, 1 young (1024K), 0 survivors (0K)
 Metaspace       used 53700K, committed 54336K, reserved 1114112K
  class space    used 6546K, committed 6848K, reserved 1048576K
}

