# JRE version: OpenJDK Runtime Environment Temurin-21.0.5+11 (21.0.5+11) (build 21.0.5+11-LTS)
# Java VM: OpenJDK 64-Bit Server VM Temurin-21.0.5+11 (21.0.5+11-LTS, mixed mode, emulated-client, sharing, tiered, compressed oops, compressed class ptrs, g1 gc, windows-amd64)
GC Precious Log:
 CardTable entry size: 512
 Card Set container configuration: InlinePtr #cards 5 size 8 Array Of Cards #cards 12 size 40 Howl #buckets 4 coarsen threshold 1843 Howl Bitmap #cards 512 size 80 coarsen threshold 460 Card regions per heap region 1 cards per card region 2048
 CPUs: 8 total, 8 available
 Memory: 7883M
 Large Page Support: Disabled
 NUMA Support: Disabled
 Compressed Oops: Enabled (32-bit)
 Heap Region Size: 1M
 Heap Min Capacity: 8M
 Heap Initial Capacity: 124M
 Heap Max Capacity: 1G
 Pre-touch: Disabled
 Parallel Workers: 8
 Concurrent Workers: 2
 Concurrent Refinement Workers: 8
 Periodic GC: Disabled
Heap:
 garbage-first heap   total 95232K, used 27739K [0x00000000c0000000, 0x0000000100000000)
  region size 1024K, 1 young (1024K), 0 survivors (0K)
 Metaspace       used 42867K, committed 43840K, reserved 1114112K
  class space    used 5441K, committed 5824K, reserved 1048576K
GC Heap History (20 events):
Event: 824.144 GC heap after
{Heap after GC invocations=72 (full 63):
 garbage-first heap   total 95232K, used 27739K [0x00000000c0000000, 0x0000000100000000)
  region size 1024K, 0 young (0K), 0 survivors (0K)
 Metaspace       used 42867K, committed 43840K, reserved 1114112K
  class space    used 5441K, committed 5824K, reserved 1048576K
}
Event: 834.387 GC heap before
{Heap before GC invocations=72 (full 63):
 garbage-first heap   total 95232K, used 27739K [0x00000000c0000000, 0x0000000100000000)
  region size 1024K, 1 young (1024K), 0 survivors (0K)
 Metaspace       used 42867K, committed 43840K, reserved 1114112K
  class space    used 5441K, committed 5824K, reserved 1048576K
}
Event: 834.410 GC heap after
{Heap after GC invocations=73 (full 64):
 garbage-first heap   total 95232K, used 27739K [0x00000000c0000000, 0x0000000100000000)
  region size 1024K, 0 young (0K), 0 survivors (0K)
 Metaspace       used 42867K, committed 43840K, reserved 1114112K
  class space    used 5441K, committed 5824K, reserved 1048576K
}
Event: 844.692 GC heap before
{Heap before GC invocations=73 (full 64):
 garbage-first heap   total 95232K, used 27739K [0x00000000c0000000, 0x0000000100000000)
  region size 1024K, 1 young (1024K), 0 survivors (0K)
 Metaspace       used 42867K, committed 43840K, reserved 1114112K
  class space    used 5441K, committed 5824K, reserved 1048576K
}
Event: 844.717 GC heap after
{Heap after GC invocations=74 (full 65):
 garbage-first heap   total 95232K, used 27739K [0x00000000c0000000, 0x0000000100000000)
  region size 1024K, 0 young (0K), 0 survivors (0K)
 Metaspace       used 42867K, committed 43840K, reserved 1114112K
  class space    used 5441K, committed 5824K, reserved 1048576K
}
Event: 854.961 GC heap before
{Heap before GC invocations=74 (full 65):
 garbage-first heap   total 95232K, used 27739K [0x00000000c0000000, 0x0000000100000000)
  region size 1024K, 1 young (1024K), 0 survivors (0K)
 Metaspace       used 42867K, committed 43840K, reserved 1114112K
  class space    used 5441K, committed 5824K, reserved 1048576K
}
Event: 854.992 GC heap after
{Heap after GC invocations=75 (full 66):
 garbage-first heap   total 95232K, used 27739K [0x00000000c0000000, 0x0000000100000000)
  region size 1024K, 0 young (0K), 0 survivors (0K)
 Metaspace       used 42867K, committed 43840K, reserved 1114112K
  class space    used 5441K, committed 5824K, reserved 1048576K
}
Event: 865.203 GC heap before
{Heap before GC invocations=75 (full 66):
 garbage-first heap   total 95232K, used 27739K [0x00000000c0000000, 0x0000000100000000)
  region size 1024K, 1 young (1024K), 0 survivors (0K)
 Metaspace       used 42867K, committed 43840K, reserved 1114112K
  class space    used 5441K, committed 5824K, reserved 1048576K
}
Event: 865.224 GC heap after
{Heap after GC invocations=76 (full 67):
 garbage-first heap   total 95232K, used 27739K [0x00000000c0000000, 0x0000000100000000)
  region size 1024K, 0 young (0K), 0 survivors (0K)
 Metaspace       used 42867K, committed 43840K, reserved 1114112K
  class space    used 5441K, committed 5824K, reserved 1048576K
}
Event: 875.426 GC heap before
{Heap before GC invocations=76 (full 67):
 garbage-first heap   total 95232K, used 27739K [0x00000000c0000000, 0x0000000100000000)
  region size 1024K, 1 young (1024K), 0 survivors (0K)
 Metaspace       used 42867K, committed 43840K, reserved 1114112K
  class space    used 5441K, committed 5824K, reserved 1048576K
}
Event: 875.450 GC heap after
{Heap after GC invocations=77 (full 68):
 garbage-first heap   total 95232K, used 27739K [0x00000000c0000000, 0x0000000100000000)
  region size 1024K, 0 young (0K), 0 survivors (0K)
 Metaspace       used 42867K, committed 43840K, reserved 1114112K
  class space    used 5441K, committed 5824K, reserved 1048576K
}
Event: 885.667 GC heap before
{Heap before GC invocations=77 (full 68):
 garbage-first heap   total 95232K, used 27739K [0x00000000c0000000, 0x0000000100000000)
  region size 1024K, 1 young (1024K), 0 survivors (0K)
 Metaspace       used 42867K, committed 43840K, reserved 1114112K
  class space    used 5441K, committed 5824K, reserved 1048576K
}
Event: 885.687 GC heap after
{Heap after GC invocations=78 (full 69):
 garbage-first heap   total 95232K, used 27739K [0x00000000c0000000, 0x0000000100000000)
  region size 1024K, 0 young (0K), 0 survivors (0K)
 Metaspace       used 42867K, committed 43840K, reserved 1114112K
  class space    used 5441K, committed 5824K, reserved 1048576K
}
Event: 895.924 GC heap before
{Heap before GC invocations=78 (full 69):
 garbage-first heap   total 95232K, used 27739K [0x00000000c0000000, 0x0000000100000000)
  region size 1024K, 1 young (1024K), 0 survivors (0K)
 Metaspace       used 42867K, committed 43840K, reserved 1114112K
  class space    used 5441K, committed 5824K, reserved 1048576K
}
Event: 895.950 GC heap after
{Heap after GC invocations=79 (full 70):
 garbage-first heap   total 95232K, used 27739K [0x00000000c0000000, 0x0000000100000000)
  region size 1024K, 0 young (0K), 0 survivors (0K)
 Metaspace       used 42867K, committed 43840K, reserved 1114112K
  class space    used 5441K, committed 5824K, reserved 1048576K
}
Event: 906.166 GC heap before
{Heap before GC invocations=79 (full 70):
 garbage-first heap   total 95232K, used 27739K [0x00000000c0000000, 0x0000000100000000)
  region size 1024K, 1 young (1024K), 0 survivors (0K)
 Metaspace       used 42867K, committed 43840K, reserved 1114112K
  class space    used 5441K, committed 5824K, reserved 1048576K
}
Event: 906.189 GC heap after
{Heap after GC invocations=80 (full 71):
 garbage-first heap   total 95232K, used 27739K [0x00000000c0000000, 0x0000000100000000)
  region size 1024K, 0 young (0K), 0 survivors (0K)
 Metaspace       used 42867K, committed 43840K, reserved 1114112K
  class space    used 5441K, committed 5824K, reserved 1048576K
}
Event: 916.459 GC heap before
{Heap before GC invocations=80 (full 71):
 garbage-first heap   total 95232K, used 27739K [0x00000000c0000000, 0x0000000100000000)
  region size 1024K, 1 young (1024K), 0 survivors (0K)
 Metaspace       used 42867K, committed 43840K, reserved 1114112K
  class space    used 5441K, committed 5824K, reserved 1048576K
}
Event: 916.485 GC heap after
{Heap after GC invocations=81 (full 72):
 garbage-first heap   total 95232K, used 27739K [0x00000000c0000000, 0x0000000100000000)
  region size 1024K, 0 young (0K), 0 survivors (0K)
 Metaspace       used 42867K, committed 43840K, reserved 1114112K
  class space    used 5441K, committed 5824K, reserved 1048576K
}
Event: 926.738 GC heap before
{Heap before GC invocations=81 (full 72):
 garbage-first heap   total 95232K, used 27739K [0x00000000c0000000, 0x0000000100000000)
  region size 1024K, 1 young (1024K), 0 survivors (0K)
 Metaspace       used 42867K, committed 43840K, reserved 1114112K
  class space    used 5441K, committed 5824K, reserved 1048576K
}

